[    0.000000] Linux version 4.15.0-50-generic (buildd@lcy01-amd64-013) (gcc version 7.3.0 (Ubuntu 7.3.0-16ubuntu3)) #54-Ubuntu SMP Mon May 6 18:46:08 UTC 2019 (Ubuntu 4.15.0-50.54-generic 4.15.18)
[    0.000000] Command line: BOOT_IMAGE=/boot/vmlinuz-4.15.0-50-generic root=UUID=cff99495-4abf-46b6-af32-df1478a88ffe ro console=tty1 console=ttyS0
[    0.000000] KERNEL supported cpus:
[    0.000000]   Intel GenuineIntel
[    0.000000]   AMD AuthenticAMD
[    0.000000]   Centaur CentaurHauls
[    0.000000] ------------[ cut here ]------------
[    0.000000] XSAVE consistency problem, dumping leaves
[    0.000000] WARNING: CPU: 0 PID: 0 at /build/linux-3btXxq/linux-4.15.0/arch/x86/kernel/fpu/xstate.c:614 do_extra_xstate_size_checks+0x303/0x3e6
[    0.000000] Modules linked in:
[    0.000000] CPU: 0 PID: 0 Comm: swapper Not tainted 4.15.0-50-generic #54-Ubuntu
[    0.000000] RIP: 0010:do_extra_xstate_size_checks+0x303/0x3e6
[    0.000000] RSP: 0000:ffffffff99203d50 EFLAGS: 00010086 ORIG_RAX: 0000000000000000
[    0.000000] RAX: 0000000000000000 RBX: 000000000000000a RCX: ffffffff992627a8
[    0.000000] RDX: 0000000000000001 RSI: 0000000000000086 RDI: 0000000000000047
[    0.000000] RBP: ffffffff99203d90 R08: 657661656c20676e R09: 0000000000000007
[    0.000000] R10: ffffffff9945a600 R11: 0000000000000000 R12: 0000000000000100
[    0.000000] R13: 0000000000000340 R14: ffffffff99203d54 R15: ffffffff99203d50
[    0.000000] FS:  0000000000000000(0000) GS:ffffffff9947f000(0000) knlGS:0000000000000000
[    0.000000] CS:  0010 DS: 0000 ES: 0000 CR0: 0000000080050033
[    0.000000] CR2: ffff88800008a000 CR3: 0000000045d22000 CR4: 00000000000406a0
[    0.000000] Call Trace:
[    0.000000]  fpu__init_system_xstate+0x183/0x484
[    0.000000]  fpu__init_system+0x213/0x265
[    0.000000]  ? early_init_intel+0x70/0x450
[    0.000000]  early_cpu_init+0x269/0x270
[    0.000000]  ? 0xffffffff97e00000
[    0.000000]  setup_arch+0xcb/0xc82
[    0.000000]  ? printk+0x52/0x6e
[    0.000000]  start_kernel+0x6d/0x4fd
[    0.000000]  x86_64_start_reservations+0x24/0x26
[    0.000000]  x86_64_start_kernel+0x74/0x77
[    0.000000]  secondary_startup_64+0xa5/0xb0
[    0.000000] Code: ff ff 44 3b 2d 8d 47 8b 01 0f 84 d5 00 00 00 80 3d ca 40 5d 01 00 75 29 48 c7 c7 08 f5 eb 98 c6 05 ba 40 5d 01 01 e8 a3 14 05 00 <0f> 0b eb 12 83 3d 88 fd 3e 01 00 0f 84 af fe ff ff e9 a5 fe ff 
[    0.000000] random: get_random_bytes called from print_oops_end_marker+0x3f/0x60 with crng_init=0
[    0.000000] ---[ end trace b3a95396481334a6 ]---
[    0.000000] CPUID[0d, 00]: eax=00000007 ebx=00000440 ecx=00000440 edx=00000000
[    0.000000] CPUID[0d, 01]: eax=00000000 ebx=00000440 ecx=00000000 edx=00000000
[    0.000000] CPUID[0d, 02]: eax=00000100 ebx=00000240 ecx=00000000 edx=00000000
[    0.000000] CPUID[0d, 03]: eax=00000000 ebx=00000000 ecx=00000000 edx=00000000
[    0.000000] CPUID[0d, 04]: eax=00000000 ebx=00000000 ecx=00000000 edx=00000000
[    0.000000] CPUID[0d, 05]: eax=00000000 ebx=00000000 ecx=00000000 edx=00000000
[    0.000000] CPUID[0d, 06]: eax=00000000 ebx=00000000 ecx=00000000 edx=00000000
[    0.000000] CPUID[0d, 07]: eax=00000000 ebx=00000000 ecx=00000000 edx=00000000
[    0.000000] CPUID[0d, 08]: eax=00000000 ebx=00000000 ecx=00000000 edx=00000000
[    0.000000] CPUID[0d, 09]: eax=00000000 ebx=00000000 ecx=00000000 edx=00000000
[    0.000000] CPUID[0d, 0a]: eax=00000000 ebx=00000000 ecx=00000000 edx=00000000
[    0.000000] CPUID[0d, 0b]: eax=00000000 ebx=00000000 ecx=00000000 edx=00000000
[    0.000000] CPUID[0d, 0c]: eax=00000000 ebx=00000000 ecx=00000000 edx=00000000
[    0.000000] CPUID[0d, 0d]: eax=00000000 ebx=00000000 ecx=00000000 edx=00000000
[    0.000000] CPUID[0d, 0e]: eax=00000000 ebx=00000000 ecx=00000000 edx=00000000
[    0.000000] CPUID[0d, 0f]: eax=00000000 ebx=00000000 ecx=00000000 edx=00000000
[    0.000000] CPUID[0d, 10]: eax=00000000 ebx=00000000 ecx=00000000 edx=00000000
[    0.000000] CPUID[0d, 11]: eax=00000000 ebx=00000000 ecx=00000000 edx=00000000
[    0.000000] CPUID[0d, 12]: eax=00000000 ebx=00000000 ecx=00000000 edx=00000000
[    0.000000] CPUID[0d, 13]: eax=00000000 ebx=00000000 ecx=00000000 edx=00000000
[    0.000000] x86/fpu: Supporting XSAVE feature 0x001: 'x87 floating point registers'
[    0.000000] x86/fpu: Supporting XSAVE feature 0x002: 'SSE registers'
[    0.000000] x86/fpu: Supporting XSAVE feature 0x004: 'AVX registers'
[    0.000000] x86/fpu: xstate_offset[2]:  576, xstate_sizes[2]:  256
[    0.000000] x86/fpu: Enabled xstate features 0x7, context size is 1088 bytes, using 'standard' format.
[    0.000000] e820: BIOS-provided physical RAM map:
[    0.000000] BIOS-e820: [mem 0x0000000000000000-0x000000000009fbff] usable
[    0.000000] BIOS-e820: [mem 0x000000000009fc00-0x000000000009ffff] reserved
[    0.000000] BIOS-e820: [mem 0x00000000000f0000-0x00000000000fffff] reserved
[    0.000000] BIOS-e820: [mem 0x0000000000100000-0x000000007ffeffff] usable
[    0.000000] BIOS-e820: [mem 0x000000007fff0000-0x000000007fffffff] ACPI data
[    0.000000] BIOS-e820: [mem 0x00000000fec00000-0x00000000fec00fff] reserved
[    0.000000] BIOS-e820: [mem 0x00000000fee00000-0x00000000fee00fff] reserved
[    0.000000] BIOS-e820: [mem 0x00000000fffc0000-0x00000000ffffffff] reserved
[    0.000000] NX (Execute Disable) protection: active
[    0.000000] SMBIOS 2.5 present.
[    0.000000] DMI: innotek GmbH VirtualBox/VirtualBox, BIOS VirtualBox 12/01/2006
[    0.000000] Hypervisor detected: KVM
[    0.000000] e820: last_pfn = 0x7fff0 max_arch_pfn = 0x400000000
[    0.000000] MTRR: Disabled
[    0.000000] x86/PAT: MTRRs disabled, skipping PAT initialization too.
[    0.000000] CPU MTRRs all blank - virtualized system.
[    0.000000] x86/PAT: Configuration [0-7]: WB  WT  UC- UC  WB  WT  UC- UC  
[    0.000000] found SMP MP-table at [mem 0x0009fff0-0x0009ffff] mapped at [        (ptrval)]
[    0.000000] Scanning 1 areas for low memory corruption
[    0.000000] RAMDISK: [mem 0x359d3000-0x36ce0fff]
[    0.000000] ACPI: Early table checksum verification disabled
[    0.000000] ACPI: RSDP 0x00000000000E0000 000024 (v02 VBOX  )
[    0.000000] ACPI: XSDT 0x000000007FFF0030 00003C (v01 VBOX   VBOXXSDT 00000001 ASL  00000061)
[    0.000000] ACPI: FACP 0x000000007FFF00F0 0000F4 (v04 VBOX   VBOXFACP 00000001 ASL  00000061)
[    0.000000] ACPI: DSDT 0x000000007FFF0470 0021FF (v02 VBOX   VBOXBIOS 00000002 INTL 20100528)
[    0.000000] ACPI: FACS 0x000000007FFF0200 000040
[    0.000000] ACPI: FACS 0x000000007FFF0200 000040
[    0.000000] ACPI: APIC 0x000000007FFF0240 000054 (v02 VBOX   VBOXAPIC 00000001 ASL  00000061)
[    0.000000] ACPI: SSDT 0x000000007FFF02A0 0001CC (v01 VBOX   VBOXCPUT 00000002 INTL 20100528)
[    0.000000] No NUMA configuration found
[    0.000000] Faking a node at [mem 0x0000000000000000-0x000000007ffeffff]
[    0.000000] NODE_DATA(0) allocated [mem 0x7ffc5000-0x7ffeffff]
[    0.000000] kvm-clock: cpu 0, msr 0:7ff44001, primary cpu clock
[    0.000000] kvm-clock: Using msrs 4b564d01 and 4b564d00
[    0.000000] kvm-clock: using sched offset of 12565968755 cycles
[    0.000000] clocksource: kvm-clock: mask: 0xffffffffffffffff max_cycles: 0x1cd42e4dffb, max_idle_ns: 881590591483 ns
[    0.000000] Zone ranges:
[    0.000000]   DMA      [mem 0x0000000000001000-0x0000000000ffffff]
[    0.000000]   DMA32    [mem 0x0000000001000000-0x000000007ffeffff]
[    0.000000]   Normal   empty
[    0.000000]   Device   empty
[    0.000000] Movable zone start for each node
[    0.000000] Early memory node ranges
[    0.000000]   node   0: [mem 0x0000000000001000-0x000000000009efff]
[    0.000000]   node   0: [mem 0x0000000000100000-0x000000007ffeffff]
[    0.000000] Reserved but unavailable: 114 pages
[    0.000000] Initmem setup node 0 [mem 0x0000000000001000-0x000000007ffeffff]
[    0.000000] ACPI: PM-Timer IO Port: 0x4008
[    0.000000] IOAPIC[0]: apic_id 1, version 32, address 0xfec00000, GSI 0-23
[    0.000000] ACPI: INT_SRC_OVR (bus 0 bus_irq 0 global_irq 2 dfl dfl)
[    0.000000] ACPI: INT_SRC_OVR (bus 0 bus_irq 9 global_irq 9 high level)
[    0.000000] Using ACPI (MADT) for SMP configuration information
[    0.000000] smpboot: Allowing 1 CPUs, 0 hotplug CPUs
[    0.000000] PM: Registered nosave memory: [mem 0x00000000-0x00000fff]
[    0.000000] PM: Registered nosave memory: [mem 0x0009f000-0x0009ffff]
[    0.000000] PM: Registered nosave memory: [mem 0x000a0000-0x000effff]
[    0.000000] PM: Registered nosave memory: [mem 0x000f0000-0x000fffff]
[    0.000000] e820: [mem 0x80000000-0xfebfffff] available for PCI devices
[    0.000000] Booting paravirtualized kernel on KVM
[    0.000000] clocksource: refined-jiffies: mask: 0xffffffff max_cycles: 0xffffffff, max_idle_ns: 7645519600211568 ns
[    0.000000] setup_percpu: NR_CPUS:8192 nr_cpumask_bits:1 nr_cpu_ids:1 nr_node_ids:1
[    0.000000] percpu: Embedded 46 pages/cpu @        (ptrval) s151552 r8192 d28672 u2097152
[    0.000000] PV qspinlock hash table entries: 256 (order: 0, 4096 bytes)
[    0.000000] Built 1 zonelists, mobility grouping on.  Total pages: 515961
[    0.000000] Policy zone: DMA32
[    0.000000] Kernel command line: BOOT_IMAGE=/boot/vmlinuz-4.15.0-50-generic root=UUID=cff99495-4abf-46b6-af32-df1478a88ffe ro console=tty1 console=ttyS0
[    0.000000] Memory: 2015440K/2096696K available (12300K kernel code, 2474K rwdata, 4276K rodata, 2412K init, 2416K bss, 81256K reserved, 0K cma-reserved)
[    0.000000] SLUB: HWalign=64, Order=0-3, MinObjects=0, CPUs=1, Nodes=1
[    0.000000] Kernel/User page tables isolation: enabled
[    0.000000] ftrace: allocating 39233 entries in 154 pages
[    0.004000] Hierarchical RCU implementation.
[    0.004000] 	RCU restricting CPUs from NR_CPUS=8192 to nr_cpu_ids=1.
[    0.004000] 	Tasks RCU enabled.
[    0.004000] RCU: Adjusting geometry for rcu_fanout_leaf=16, nr_cpu_ids=1
[    0.004000] NR_IRQS: 524544, nr_irqs: 256, preallocated irqs: 16
[    0.004000] Console: colour VGA+ 80x25
[    0.004000] console [tty1] enabled
[    0.004000] console [ttyS0] enabled
[    0.004000] ACPI: Core revision 20170831
[    0.004000] ACPI: 2 ACPI AML tables successfully acquired and loaded
[    0.004000] APIC: Switch to symmetric I/O mode setup
[    0.004382] x2apic enabled
[    0.008006] Switched APIC routing to physical x2apic.
[    0.013895] ..TIMER: vector=0x30 apic1=0 pin1=2 apic2=-1 pin2=-1
[    0.016006] tsc: Detected 2400.000 MHz processor
[    0.020067] Calibrating delay loop (skipped) preset value.. 4800.00 BogoMIPS (lpj=9600000)
[    0.024007] pid_max: default: 32768 minimum: 301
[    0.028046] Security Framework initialized
[    0.032002] Yama: becoming mindful.
[    0.032838] AppArmor: AppArmor initialized
[    0.038050] Dentry cache hash table entries: 262144 (order: 9, 2097152 bytes)
[    0.041937] Inode-cache hash table entries: 131072 (order: 8, 1048576 bytes)
[    0.044028] Mount-cache hash table entries: 4096 (order: 3, 32768 bytes)
[    0.048011] Mountpoint-cache hash table entries: 4096 (order: 3, 32768 bytes)
[    0.052276] mce: CPU supports 0 MCE banks
[    0.056020] process: using mwait in idle threads
[    0.060008] Last level iTLB entries: 4KB 64, 2MB 8, 4MB 8
[    0.064002] Last level dTLB entries: 4KB 64, 2MB 0, 4MB 0, 1GB 4
[    0.067223] Spectre V2 : Mitigation: Full generic retpoline
[    0.068002] Spectre V2 : Spectre v2 / SpectreRSB mitigation: Filling RSB on context switch
[    0.069659] Speculative Store Bypass: Vulnerable
[    0.070671] MDS: Vulnerable: Clear CPU buffers attempted, no microcode
[    0.087379] Freeing SMP alternatives memory: 36K
[    0.096000] smpboot: CPU0: Intel(R) Core(TM) i5-6200U CPU @ 2.30GHz (family: 0x6, model: 0x4e, stepping: 0x3)
[    0.096085] Performance Events: unsupported p6 CPU model 78 no PMU driver, software events only.
[    0.100083] Hierarchical SRCU implementation.
[    0.104942] NMI watchdog: Perf event create on CPU 0 failed with -2
[    0.108006] NMI watchdog: Perf NMI watchdog permanently disabled
[    0.112083] smp: Bringing up secondary CPUs ...
[    0.116009] smp: Brought up 1 node, 1 CPU
[    0.120007] smpboot: Max logical packages: 1
[    0.124003] smpboot: Total of 1 processors activated (4800.00 BogoMIPS)
[    0.128159] devtmpfs: initialized
[    0.129001] x86/mm: Memory block size: 128MB
[    0.130175] evm: security.selinux
[    0.132004] evm: security.SMACK64
[    0.132742] evm: security.SMACK64EXEC
[    0.133541] evm: security.SMACK64TRANSMUTE
[    0.134446] evm: security.SMACK64MMAP
[    0.135240] evm: security.apparmor
[    0.136004] evm: security.ima
[    0.140007] evm: security.capability
[    0.141514] clocksource: jiffies: mask: 0xffffffff max_cycles: 0xffffffff, max_idle_ns: 7645041785100000 ns
[    0.144030] futex hash table entries: 256 (order: 2, 16384 bytes)
[    0.148087] pinctrl core: initialized pinctrl subsystem
[    0.152252] RTC time: 22:34:11, date: 05/17/19
[    0.154022] NET: Registered protocol family 16
[    0.156097] audit: initializing netlink subsys (disabled)
[    0.160184] cpuidle: using governor ladder
[    0.164016] audit: type=2000 audit(1558132460.937:1): state=initialized audit_enabled=0 res=1
[    0.168015] cpuidle: using governor menu
[    0.172075] ACPI: bus type PCI registered
[    0.176007] acpiphp: ACPI Hot Plug PCI Controller Driver version: 0.5
[    0.180065] PCI: Using configuration type 1 for base access
[    0.185933] HugeTLB registered 2.00 MiB page size, pre-allocated 0 pages
[    0.188272] ACPI: Added _OSI(Module Device)
[    0.192013] ACPI: Added _OSI(Processor Device)
[    0.196018] ACPI: Added _OSI(3.0 _SCP Extensions)
[    0.200010] ACPI: Added _OSI(Processor Aggregator Device)
[    0.204022] ACPI: Added _OSI(Linux-Dell-Video)
[    0.208026] ACPI: Added _OSI(Linux-Lenovo-NV-HDMI-Audio)
[    0.212009] ACPI: Added _OSI(Linux-HPI-Hybrid-Graphics)
[    0.213981] ACPI: Executed 1 blocks of module-level executable AML code
[    0.222990] ACPI: Interpreter enabled
[    0.224020] ACPI: (supports S0 S5)
[    0.228003] ACPI: Using IOAPIC for interrupt routing
[    0.232366] PCI: Using host bridge windows from ACPI; if necessary, use "pci=nocrs" and report a bug
[    0.236233] ACPI: Enabled 2 GPEs in block 00 to 07
[    0.252074] ACPI: PCI Root Bridge [PCI0] (domain 0000 [bus 00-ff])
[    0.256017] acpi PNP0A03:00: _OSC: OS supports [ASPM ClockPM Segments MSI]
[    0.260056] acpi PNP0A03:00: _OSC: not requesting OS control; OS requires [ExtendedConfig ASPM ClockPM MSI]
[    0.264030] acpi PNP0A03:00: fail to add MMCONFIG information, can't access extended PCI configuration space under this bridge.
[    0.268536] PCI host bridge to bus 0000:00
[    0.272012] pci_bus 0000:00: root bus resource [io  0x0000-0x0cf7 window]
[    0.276007] pci_bus 0000:00: root bus resource [io  0x0d00-0xffff window]
[    0.277968] pci_bus 0000:00: root bus resource [mem 0x000a0000-0x000bffff window]
[    0.280005] pci_bus 0000:00: root bus resource [mem 0x80000000-0xffdfffff window]
[    0.284012] pci_bus 0000:00: root bus resource [bus 00-ff]
[    0.293598] pci 0000:00:01.1: legacy IDE quirk: reg 0x10: [io  0x01f0-0x01f7]
[    0.296009] pci 0000:00:01.1: legacy IDE quirk: reg 0x14: [io  0x03f6]
[    0.300010] pci 0000:00:01.1: legacy IDE quirk: reg 0x18: [io  0x0170-0x0177]
[    0.304010] pci 0000:00:01.1: legacy IDE quirk: reg 0x1c: [io  0x0376]
[    0.337552] pci 0000:00:07.0: quirk: [io  0x4000-0x403f] claimed by PIIX4 ACPI
[    0.340030] pci 0000:00:07.0: quirk: [io  0x4100-0x410f] claimed by PIIX4 SMB
[    0.369414] ACPI: PCI Interrupt Link [LNKA] (IRQs 5 9 10 *11)
[    0.372658] ACPI: PCI Interrupt Link [LNKB] (IRQs 5 9 10 *11)
[    0.380404] ACPI: PCI Interrupt Link [LNKC] (IRQs 5 9 *10 11)
[    0.384212] ACPI: PCI Interrupt Link [LNKD] (IRQs 5 *9 10 11)
[    0.392341] SCSI subsystem initialized
[    0.396122] pci 0000:00:02.0: vgaarb: setting as boot VGA device
[    0.400000] pci 0000:00:02.0: vgaarb: VGA device added: decodes=io+mem,owns=io+mem,locks=none
[    0.400009] pci 0000:00:02.0: vgaarb: bridge control possible
[    0.404007] vgaarb: loaded
[    0.408050] ACPI: bus type USB registered
[    0.412039] usbcore: registered new interface driver usbfs
[    0.416029] usbcore: registered new interface driver hub
[    0.420038] usbcore: registered new device driver usb
[    0.421222] EDAC MC: Ver: 3.0.0
[    0.424411] PCI: Using ACPI for IRQ routing
[    0.425655] NetLabel: Initializing
[    0.426441] NetLabel:  domain hash size = 128
[    0.427399] NetLabel:  protocols = UNLABELED CIPSOv4 CALIPSO
[    0.428035] NetLabel:  unlabeled traffic allowed by default
[    0.431358] clocksource: Switched to clocksource kvm-clock
[    0.445397] VFS: Disk quotas dquot_6.6.0
[    0.524069] VFS: Dquot-cache hash table entries: 512 (order 0, 4096 bytes)
[    0.534782] AppArmor: AppArmor Filesystem Enabled
[    0.594398] pnp: PnP ACPI init
[    0.645842] pnp: PnP ACPI: found 3 devices
[    0.730976] clocksource: acpi_pm: mask: 0xffffff max_cycles: 0xffffff, max_idle_ns: 2085701024 ns
[    0.783800] NET: Registered protocol family 2
[    0.836987] TCP established hash table entries: 16384 (order: 5, 131072 bytes)
[    0.868374] TCP bind hash table entries: 16384 (order: 6, 262144 bytes)
[    0.872045] TCP: Hash tables configured (established 16384 bind 16384)
[    0.877392] UDP hash table entries: 1024 (order: 3, 32768 bytes)
[    0.880582] UDP-Lite hash table entries: 1024 (order: 3, 32768 bytes)
[    1.004363] NET: Registered protocol family 1
[    1.014578] pci 0000:00:00.0: Limiting direct PCI/PCI transfers
[    1.023131] pci 0000:00:01.0: Activating ISA DMA hang workarounds
[    1.031342] pci 0000:00:02.0: Video device with shadowed ROM at [mem 0x000c0000-0x000dffff]
[    1.068192] Unpacking initramfs...
[    1.478192] Freeing initrd memory: 19512K
[    1.482060] clocksource: tsc: mask: 0xffffffffffffffff max_cycles: 0x22983777dd9, max_idle_ns: 440795300422 ns
[    1.487101] platform rtc_cmos: registered platform RTC device (no PNP device found)
[    1.490124] Scanning for low memory corruption every 60 seconds
[    1.491820] Initialise system trusted keyrings
[    1.493952] Key type blacklist registered
[    1.494881] workingset: timestamp_bits=36 max_order=19 bucket_order=0
[    1.497600] zbud: loaded
[    1.503563] squashfs: version 4.0 (2009/01/31) Phillip Lougher
[    1.593053] fuse init (API version 7.26)
[    1.615298] Key type asymmetric registered
[    1.668036] Asymmetric key parser 'x509' registered
[    1.728594] Block layer SCSI generic (bsg) driver version 0.4 loaded (major 246)
[    1.815371] io scheduler noop registered
[    1.839428] io scheduler deadline registered
[    1.874763] io scheduler cfq registered (default)
[    1.922953] ACPI: AC Adapter [AC] (on-line)
[    1.970702] input: Power Button as /devices/LNXSYSTM:00/LNXPWRBN:00/input/input0
[    2.059463] ACPI: Power Button [PWRF]
[    2.061008] input: Sleep Button as /devices/LNXSYSTM:00/LNXSLPBN:00/input/input1
[    2.158228] ACPI: Sleep Button [SLPF]
[    2.178445] ACPI: Battery Slot [BAT0] (battery present)
[    2.207871] Serial: 8250/16550 driver, 32 ports, IRQ sharing enabled
[    2.340102] 00:02: ttyS0 at I/O 0x3f8 (irq = 4, base_baud = 115200) is a 16550A
[    2.347151] Linux agpgart interface v0.103
[    2.350823] loop: module loaded
[    2.353943] scsi host0: ata_piix
[    2.400031] scsi host1: ata_piix
[    2.436063] ata1: PATA max UDMA/33 cmd 0x1f0 ctl 0x3f6 bmdma 0xd000 irq 14
[    2.462270] ata2: PATA max UDMA/33 cmd 0x170 ctl 0x376 bmdma 0xd008 irq 15
[    2.470426] libphy: Fixed MDIO Bus: probed
[    2.473202] tun: Universal TUN/TAP device driver, 1.6
[    2.483505] PPP generic driver version 2.4.2
[    2.487910] ehci_hcd: USB 2.0 'Enhanced' Host Controller (EHCI) Driver
[    2.490116] ehci-pci: EHCI PCI platform driver
[    2.493651] ehci-platform: EHCI generic platform driver
[    2.613817] ohci_hcd: USB 1.1 'Open' Host Controller (OHCI) Driver
[    2.622546] ohci-pci: OHCI PCI platform driver
[    2.626380] ohci-platform: OHCI generic platform driver
[    2.652563] uhci_hcd: USB Universal Host Controller Interface driver
[    2.654721] i8042: PNP: PS/2 Controller [PNP0303:PS2K,PNP0f03:PS2M] at 0x60,0x64 irq 1,12
[    2.668077] serio: i8042 KBD port at 0x60,0x64 irq 1
[    2.677407] serio: i8042 AUX port at 0x60,0x64 irq 12
[    2.686915] mousedev: PS/2 mouse device common for all mice
[    2.696241] input: AT Translated Set 2 keyboard as /devices/platform/i8042/serio0/input/input2
[    2.708210] rtc_cmos rtc_cmos: rtc core: registered rtc_cmos as rtc0
[    2.722313] rtc_cmos rtc_cmos: alarms up to one day, 114 bytes nvram
[    2.755602] i2c /dev entries driver
[    2.756750] pcie_mp2_amd: AMD(R) PCI-E MP2 Communication Driver Version: 1.0
[    2.758985] device-mapper: uevent: version 1.0.3
[    2.762294] device-mapper: ioctl: 4.37.0-ioctl (2017-09-20) initialised: dm-devel@redhat.com
[    2.773205] ledtrig-cpu: registered to indicate activity on CPUs
[    2.778197] intel_pmc_core:  initialized
[    2.782723] NET: Registered protocol family 10
[    2.793821] Segment Routing with IPv6
[    2.841496] NET: Registered protocol family 17
[    2.842934] Key type dns_resolver registered
[    2.844493] RAS: Correctable Errors collector initialized.
[    2.867521] sched_clock: Marking stable (2867489984, 0)->(8613505068, -5746015084)
[    2.913444] registered taskstats version 1
[    2.924795] Loading compiled-in X.509 certificates
[    2.932221] Loaded X.509 cert 'Build time autogenerated kernel key: 0d5cb4b7de8533fd8e7240d711ae9d354ea3dca1'
[    2.994624] zswap: loaded using pool lzo/zbud
[    3.048604] Key type big_key registered
[    3.090017] Key type trusted registered
[    3.172960] Key type encrypted registered
[    3.186437] AppArmor: AppArmor sha1 policy hashing enabled
[    3.190088] ima: No TPM chip found, activating TPM-bypass! (rc=-19)
[    3.192281] ima: Allocated hash algorithm: sha1
[    3.197145] evm: HMAC attrs: 0x1
[    3.200752]   Magic number: 3:635:603
[    3.206492] rtc_cmos rtc_cmos: setting system clock to 2019-05-17 22:34:15 UTC (1558132455)
[    3.212628] BIOS EDD facility v0.16 2004-Jun-25, 0 devices found
[    3.215422] EDD information not available.
[    3.241864] Freeing unused kernel image memory: 2412K
[    3.260479] Write protecting the kernel read-only data: 20480k
[    3.265923] Freeing unused kernel image memory: 2008K
[    3.286039] Freeing unused kernel image memory: 1868K
[    3.342894] x86/mm: Checked W+X mappings: passed, no W+X pages found.
[    3.414178] x86/mm: Checking user space page tables
[    3.487355] x86/mm: Checked W+X mappings: passed, no W+X pages found.
Loading, please wait...
starting version 237
[    3.648030] e1000: Intel(R) PRO/1000 Network Driver - version 7.3.21-k8-NAPI
[    3.668849] e1000: Copyright (c) 1999-2006 Intel Corporation.
[    3.684835] Fusion MPT base driver 3.04.20
[    3.712774] Copyright (c) 1999-2008 LSI Corporation
[    3.754361] AVX version of gcm_enc/dec engaged.
[    3.789570] AES CTR mode by8 optimization enabled
[    3.867257] Fusion MPT SPI Host driver 3.04.20
[    3.937406] input: ImExPS/2 Generic Explorer Mouse as /devices/platform/i8042/serio1/input/input4
[    4.282584] e1000 0000:00:03.0 eth0: (PCI:33MHz:32-bit) 02:88:80:28:66:3a
[    4.400346] e1000 0000:00:03.0 eth0: Intel(R) PRO/1000 Network Connection
[    4.524648] mptbase: ioc0: Initiating bringup
[    4.648533] ioc0: LSI53C1030 A0: Capabilities={Initiator}
[    4.997268] scsi host2: ioc0: LSI53C1030 A0, FwRev=00000000h, Ports=1, MaxQ=256, IRQ=20
[    5.173507] scsi 2:0:0:0: Direct-Access     VBOX     HARDDISK         1.0  PQ: 0 ANSI: 5
[    5.180823] scsi target2:0:0: Beginning Domain Validation
[    5.191836] random: fast init done
[    5.217772] scsi target2:0:0: Domain Validation skipping write tests
[    5.254967] scsi target2:0:0: Ending Domain Validation
[    5.268562] scsi target2:0:0: asynchronous
[    5.302859] scsi 2:0:1:0: Direct-Access     VBOX     HARDDISK         1.0  PQ: 0 ANSI: 5
[    5.458767] scsi target2:0:1: Beginning Domain Validation
[    5.571154] scsi target2:0:1: Domain Validation skipping write tests
[    5.631912] scsi target2:0:1: Ending Domain Validation
[    5.854933] scsi target2:0:1: asynchronous
[    5.941012] random: systemd-udevd: uninitialized urandom read (16 bytes read)
[    6.031198] sd 2:0:0:0: [sda] 20971520 512-byte logical blocks: (10.7 GB/10.0 GiB)
[    6.037234] sd 2:0:0:0: Attached scsi generic sg0 type 0
[    6.050750] sd 2:0:0:0: [sda] Write Protect is off
[    6.105659] sd 2:0:1:0: Attached scsi generic sg1 type 0
[    6.109792] sd 2:0:1:0: [sdb] 20480 512-byte logical blocks: (10.5 MB/10.0 MiB)
[    6.114138] sd 2:0:1:0: [sdb] Write Protect is off
[    6.142465] sd 2:0:0:0: [sda] Incomplete mode parameter data
[    6.188430] sd 2:0:0:0: [sda] Assuming drive cache: write through
[    6.202314] random: systemd-udevd: uninitialized urandom read (16 bytes read)
[    6.226321] sd 2:0:1:0: [sdb] Incomplete mode parameter data
[    6.231916] sd 2:0:1:0: [sdb] Assuming drive cache: write through
[    6.235255] e1000 0000:00:08.0 eth1: (PCI:33MHz:32-bit) 08:00:27:b3:6a:02
[    6.294084] e1000 0000:00:08.0 eth1: Intel(R) PRO/1000 Network Connection
[    6.301134] random: systemd-udevd: uninitialized urandom read (16 bytes read)
[    6.310901] e1000 0000:00:08.0 enp0s8: renamed from eth1
[    6.319094]  sda: sda1
[    6.332710] e1000 0000:00:03.0 enp0s3: renamed from eth0
[    6.346718] sd 2:0:0:0: [sda] Attached SCSI disk
[    6.357621] sd 2:0:1:0: [sdb] Attached SCSI disk
Begin: Loading essential drivers ... [    8.028148] raid6: sse2x1   gen()  8887 MB/s
[    8.148403] raid6: sse2x1   xor()  4537 MB/s
[    8.196014] raid6: sse2x2   gen() 11230 MB/s
[    8.252149] raid6: sse2x2   xor()  6821 MB/s
[    8.308376] raid6: sse2x4   gen()  9383 MB/s
[    8.356088] raid6: sse2x4   xor()  7133 MB/s
[    8.408351] raid6: using algorithm sse2x2 gen() 11230 MB/s
[    8.415476] raid6: .... xor() 6821 MB/s, rmw enabled
[    8.434599] raid6: using ssse3x2 recovery algorithm
[    8.446467] xor: automatically using best checksumming function   avx       
[    8.481134] async_tx: api initialized (async)
done.
Begin: Running /scripts/init-premount ... done[    8.642437] Btrfs loaded, crc32c=crc32c-intel
.
Begin: Mounting root file system ... Begin: Running /scripts/local-top ... done.
Begin: Running /scripts/local-premount ... Scanning for Btrfs filesystems
done.
Warning: fsck no[    8.764507] EXT4-fs (sda1): INFO: recovery required on readonly filesystem
t present, so sk[    8.783426] EXT4-fs (sda1): write access will be enabled during recovery
ipping root file system
[    8.843048] EXT4-fs (sda1): recovery complete
[    8.916013] EXT4-fs (sda1): mounted filesystem with ordered data mode. Opts: (null)
done.
Begin: Running /scripts/local-bottom ... done.
Begin: Running /scripts/init-bottom ... done.
[   10.468282] random: crng init done
[   10.500316] random: 7 urandom warning(s) missed due to ratelimiting
[   10.989355] ip_tables: (C) 2000-2006 Netfilter Core Team
[   11.175423] systemd[1]: systemd 237 running in system mode. (+PAM +AUDIT +SELINUX +IMA +APPARMOR +SMACK +SYSVINIT +UTMP +LIBCRYPTSETUP +GCRYPT +GNUTLS +ACL +XZ +LZ4 +SECCOMP +BLKID +ELFUTILS +KMOD -IDN2 +IDN -PCRE2 default-hierarchy=hybrid)
[   11.292329] systemd[1]: Detected virtualization oracle.
[   11.388174] systemd[1]: Detected architecture x86-64.

Welcome to [1mUbuntu 18.04.2 LTS[0m!

[   11.539689] systemd[1]: Set hostname to <terraform-box>.
[   13.794168] systemd[1]: Reached target System Time Synchronized.
[[0;32m  OK  [0m] Reached target System Time Synchronized.
[   13.953502] systemd[1]: Created slice System Slice.
[[0;32m  OK  [0m] Created slice System Slice.
[   14.116566] systemd[1]: Created slice system-serial\x2dgetty.slice.
[[0;32m  OK  [0m] Created slice system-serial\x2dgetty.slice.
[   14.188135] systemd[1]: Listening on LVM2 metadata daemon socket.
[[0;32m  OK  [0m] Listening on LVM2 metadata daemon socket.
[   14.384880] systemd[1]: Listening on udev Kernel Socket.
[[0;32m  OK  [0m] Listening on udev Kernel Socket.
[   14.448199] systemd[1]: Listening on udev Control Socket.
[[0;32m  OK  [0m] Listening on udev Control Socket.
[[0;32m  OK  [0m] Set up automount Arbitrary Executab…rmats File System Automount Point.
[[0;32m  OK  [0m] Listening on Device-mapper event daemon FIFOs.
[[0;32m  OK  [0m] Listening on Network Service Netlink Socket.
[[0;32m  OK  [0m] Listening on Journal Audit Socket.
[[0;32m  OK  [0m] Reached target Swap.
[[0;32m  OK  [0m] Listening on LVM2 poll daemon socket.
[[0;32m  OK  [0m] Created slice User and Session Slice.
[[0;32m  OK  [0m] Reached target Slices.
[[0;32m  OK  [0m] Listening on Journal Socket.
         Starting Uncomplicated firewall...
         Starting Remount Root and Kernel File Systems...
         Mounting Huge Pages File System...
         Starting Monitoring of LVM2 mirrors…ng dmeventd or progress polling...
         Mounting Kernel Debug File System...
         Mounting POSIX Message Queue File System...
         Starting Create list of required st…ce nodes for the current kernel...
         Starting udev Coldplug all Devices...
[[0;32m  OK  [0m] Listening on Journal Socket (/dev/log).
[[0;32m  OK  [0m] Reached target User and Group Name Lookups.
         Starting Set the console keyboard layout...
         Starting Load Kernel Modules...
[[0;32m  OK  [0m] Listening on Syslog Socket.
         Starting Journal Service...
[   15.578172] Loading iSCSI transport class v2.0-870.
[[0;32m  OK  [0m] Listening on /dev/initctl Compatibility Named Pipe.
[[0;32m  OK  [0m] Started Forwa[   15.772681] EXT4-fs (sda1): re-mounted. Opts: (null)
rd Password Requests to Wall Directory Watch.
[[0;32m  OK  [0m] Started Uncomplicated firewall.
[[0;32m  OK  [0m] Mounted Huge Pages File System.
[[0;32m  OK  [0m] Started Journal Service.
[[0;32m  OK  [0m] Started Remount Root and Kernel File Systems.
[   16.065763] iscsi: registered transport (tcp)
[[0;32m  OK  [0m] Mounted Kernel Debug File System.
[[0;32m  OK  [0m] Mounted POSIX Message Queue File System.
[[0;32m  OK  [0m] Started Create list of required sta…vice no[   16.323140] iscsi: registered transport (iser)
des for the current kernel.
[[0;32m  OK  [0m] Started Set the console keyboard layout.
[[0;32m  OK  [0m] Started Load Kernel Modules.
[[0;32m  OK  [0m] Started udev Coldplug all Devices.
[[0;32m  OK  [0m] Started LVM2 metadata daemon.
         Mounting FUSE Control File System...
         Mounting Kernel Configuration File System...
         Starting Apply Kernel Variables...
         Starting Create Static Device Nodes in /dev...
         Starting Load/Save Random Seed...
         Starting Initial cloud-init job (pre-networking)...
         Starting Flush Journal to Persistent Storage...
[[0;32m  OK  [0m] Started Monitoring of LVM2 mirrors,…sing dmeventd or progress polling.
[[0;32m  OK  [0m] Mounted FUSE Control File System.
[[0;32m  OK  [0m] Mounted Kernel Configuration File System.
[[0;32m  OK  [0m] Started Apply Kernel Variables.
[[0;32m  OK  [0m] Started Load/Save Random Seed.
[[0;32m  OK  [0m] Started Create Static Device Nodes in /dev.
[[0;32m  OK  [0m] Reached target Local File Systems (Pre).
[[0;32m  OK  [0m] Reached target Local File Systems.
         Starting ebtables ruleset management...
         Starting Set console font and keymap...
         Starting AppArmor initialization...
         Starting Tell Plymouth To Write Out Runtime Data...
         Starting udev Kernel Device Manager...
[[0;32m  OK  [0m] Started Set console font and keymap.
[[0;32m  OK  [0m] Started Tell Plymouth To Write Out Runtime Data.
[[0;32m  OK  [0m] Started udev Kernel Device Manager.
[[0;32m  OK  [0m] Started Dispatch Password Requests to Console Directory Watch.
[[0;32m  OK  [0m] Reached target Local Encrypted Volumes.
[[0;32m  OK  [0m] Started ebtables ruleset management.
[[0;32m  OK  [0m] Found device /dev/ttyS0.
[[0;32m  OK  [0m] Listening on Load/Save RF Kill Switch Status /dev/rfkill Watch.
[[0;32m  OK  [0m] Started AppArmor initialization.
[[0;32m  OK  [0m] Started Flush Journal to Persistent Storage.
         Starting Create Volatile Files and Directories...
[[0;32m  OK  [0m] Started Create Volatile Files and Directories.
         Starting Update UTMP about System Boot/Shutdown...
[[0;32m  OK  [0m] Started Update UTMP about System Boot/Shutdown.
[   26.813778] cloud-init[418]: Cloud-init v. 18.4-0ubuntu1~18.04.1 running 'init-local' at Fri, 17 May 2019 22:34:38 +0000. Up 26.14 seconds.
[[0;32m  OK  [0m] Started Initial cloud-init job (pre-networking).
[[0;32m  OK  [0m] Reached target Network (Pre).
         Starting Network Service...
[[0;32m  OK  [0m] Started Network Service.
         Starting Wait for Network to be Configured...
         Starting Network Name Resolution...
[[0;32m  OK  [0m] Started Network Name Resolution.
[[0;32m  OK  [0m] Reached target Network.
[[0;32m  OK  [0m] Reached target Host and Network Name Lookups.
[[0;32m  OK  [0m] Started Wait for Network to be Configured.
         Starting Initial cloud-init job (metadata service crawler)...
[   30.060307] cloud-init[667]: Cloud-init v. 18.4-0ubuntu1~18.04.1 running 'init' at Fri, 17 May 2019 22:34:41 +0000. Up 29.69 seconds.
[   30.162531] cloud-init[667]: ci-info: ++++++++++++++++++++++++++++++++++++++Net device info+++++++++++++++++++++++++++++++++++++++
[   30.168357] cloud-init[667]: ci-info: +--------+------+-----------------------------+---------------+--------+-------------------+
[   30.174122] cloud-init[667]: ci-info: | Device |  Up  |           Address           |      Mask     | Scope  |     Hw-Address    |
[   30.179153] cloud-init[667]: ci-info: +--------+------+-----------------------------+---------------+--------+-------------------+
[   30.260669] cloud-init[667]: ci-info: | enp0s3 | True |          10.0.2.15          | 255.255.255.0 | global | 02:88:80:28:66:3a |
[   30.297996] cloud-init[667]: ci-info: | enp0s3 | True |  fe80::88:80ff:fe28:663a/64 |       .       |  link  | 02:88:80:28:66:3a |
[   30.384215] cloud-init[667]: ci-info: | enp0s8 | True |        192.168.33.50        | 255.255.255.0 | global | 08:00:27:b3:6a:02 |
[   30.496177] cloud-init[667]: ci-info: | enp0s8 | True | fe80::a00:27ff:feb3:6a02/64 |       .       |  link  | 08:00:27:b3:6a:02 |
[   30.608200] cloud-init[667]: ci-info: |   lo   | True |          127.0.0.1          |   255.0.0.0   |  host  |         .         |
[   30.685337] cloud-init[667]: ci-info: |   lo   | True |           ::1/128           |       .       |  host  |         .         |
[[0;32m  OK  [0m] Started Initial cloud-init job (metadata service crawler).
[[0;32m  OK  [0m] Reached target Network is Online.
[   30.747069] cloud-init[667]: ci-info: +--------+------+-----------------------------+---------------+--------+-------------------+
         Starting Availability of block devices...
[[0;32m  OK  [0m] Reached target Remote File Systems (Pre).
[   30.916096] cloud-init[667]: ci-info: +++++++++++++++++++++++++++++Route IPv4 info+++++++++++++++++++++++++++++
[   31.037824] cloud-init[667]: ci-info: +-------+--------------+----------+-----------------+-----------+-------+
[[0;32m  OK  [0m] Reached target Remote File Systems.
[[0;32m  OK  [0m] Reached target Cloud-config availability.
[[0;32m  OK  [0m] Reached target System Initialization.
[   31.067677] cloud-init[667]: ci-info: | Route | Destination  | Gateway  |     Genmask     | Interface | Flags |
[[   31.225338] cloud-init[667]: ci-info: +-------+--------------+----------+-----------------+-----------+-------+[0;32m  OK  [0m] Listening on Open-iSCSI iscsid Socket.
[[0;32m  OK  [0m] Listening on ACPID Listen Socket.

         Starting LXD - unix socket.
[[0;32m  OK  [0m] Listening on UUID daemon activation socket.
[   31.290549] cloud-init[667]: ci-info: |   0   |   0.0.0.0    | 10.0.2.2 |     0.0.0.0     |   enp0s3  |   UG  |
         Starting Docker Socket for the API.
[[0;32m  OK  [0m] Listening on D-Bus System Message Bus Socket.
[   31.391630] cloud-init[667]: ci-info: |   1   |   10.0.2.0   | 0.0.0.0  |  255.255.255.0  |   enp0s3  |   U   |
[   31.502111] cloud-init[667]: ci-info: |   2   |   10.0.2.2   | 0.0.0.0  | 255.255.255.255 |   enp0s3  |   UH  |
[[0;32m  OK  [0m] Started Discard unused blocks once a week.
[[0;32m  OK  [0m] Started Message of the Day.
[   31.594229] cloud-init[667]: ci-info: |   3   | 192.168.33.0 | 0.0.0.0  |  255.255.255.0  |   enp0s8  |   U   |
[   31.666706] cloud-init[667]: ci-info: +-------+--------------+----------+-----------------+-----------+-------+
[   31.772886] cloud-init[667]: ci-info: +++++++++++++++++++Route IPv6 info+++++++++++++++++++
[[0;32m  OK  [0m] Started ACPI Events Check.
         Starting Socket activation for snappy daemon.
[[0;32m  OK  [0m] Started Daily Cleanup of Temporary Directories.
[[0;32m  OK  [0m] Reached target Paths.
[[0;32m  OK  [0m] [   31.829594] cloud-init[667]: ci-info: +-------+-------------+---------+-----------+-------+
[   31.864845] cloud-init[667]: ci-info: | Route | Destination | Gateway | Interface | Flags |
[   31.864911] cloud-init[667]: ci-info: +-------+-------------+---------+-----------+-------+
[   31.864970] cloud-init[667]: ci-info: |   1   |  fe80::/64  |    ::   |   enp0s8  |   U   |
[   31.865032] cloud-init[667]: ci-info: |   2   |  fe80::/64  |    ::   |   enp0s3  |   U   |
[   31.865093] cloud-init[667]: ci-info: |   4   |    local    |    ::   |   enp0s3  |   U   |
[   31.865189] cloud-init[667]: ci-info: |   5   |    local    |    ::   |   enp0s8  |   U   |
[   31.865254] cloud-init[667]: ci-info: |   6   |   ff00::/8  |    ::   |   enp0s8  |   U   |
[   31.865318] cloud-init[667]: ci-info: |   7   |   ff00::/8  |    ::   |   enp0s3  |   U   |
[   31.865429] cloud-init[667]: ci-info: +-------+-------------+---------+-----------+-------+
Started Daily apt download activities.
[[0;32m  OK  [0m] Started Daily apt upgrade and clean activities.
[[0;32m  OK  [0m] Reached target Timers.
[[0;32m  OK  [0m] Started Availability of block devices.
[[0;32m  OK  [0m] Listening on LXD - unix socket.
[[0;32m  OK  [0m] Listening on Docker Socket for the API.
[[0;32m  OK  [0m] Listening on Socket activation for snappy daemon.
[[0;32m  OK  [0m] Reached target Sockets.
[[0;32m  OK  [0m] Reached target Basic System.
[[0;32m  OK  [0m] Started Regular background program processing daemon.
         Starting LXD - container startup/shutdown...
         Starting LSB: Color ANSI System Logo...
[[0;32m  OK  [0m] Started FUSE filesystem for LXC.
[[0;32m  OK  [0m] Started irqbalance daemon.
[[0;32m  OK  [0m] Started D-Bus System Message Bus.
         Starting Dispatcher daemon for systemd-networkd...
         Starting Virtualbox guest utils...
[[0;32m  OK  [0m] Started Deferred execution scheduler.
         Starting Accounts Service...
         Starting System Logging Service...
         Starting Resets System Activity Data Collector...
         Starting LSB: automatic crash report generation...
         Starting Permit User Sessions...
         Starting Snappy daemon...
         Starting Ubuntu FAN network setup...
         Starting Login Service...
         Starting OpenBSD Secure Shell server...
         Starting LSB: Record successful boot for GRUB...
[[0;32m  OK  [0m] Started Resets System Activity Data Collector.
[[0;32m  OK  [0m] Started Permit User Sessions.
[[0;32m  OK  [0m] Started Login Service.
[[0;32m  OK  [0m] Started Unattended Upgrades Shutdown.
         Starting Hold until boot process finishes up...
         Starting Terminate Plymouth Boot Screen...
[[0;32m  OK  [0m] Started Hold until boot process finishes up.
[[0;32m  OK  [0m] Started Terminate Plymouth Boot Screen.
[[0;32m  OK  [0m] Started Serial Getty on ttyS0.
         Starting Set console scheme...
[[0;32m  OK  [0m] Started Set console scheme.
[[0;32m  OK  [0m] Created slice system-getty.slice.
[[0;32m  OK  [0m] Started Getty on tty1.
[[0;32m  OK  [0m] Reached target Login Prompts.
[[0;32m  OK  [0m] Started System Logging Service.
[[0;32m  OK  [0m] Started LSB: automatic crash report generation.
[[0;32m  OK  [0m] Started LSB: Record successful boot for GRUB.
[[0;32m  OK  [0m] Started LSB: Color ANSI System Logo.
[[0;32m  OK  [0m] Started Ubuntu FAN network setup.
         Starting Authorization Manager...
[[0;32m  OK  [0m] Started Virtualbox guest utils.
[[0;32m  OK  [0m] Started Authorization Manager.
[[0;32m  OK  [0m] Started Accounts Service.
[[0;32m  OK  [0m] Started Dispatcher daemon for systemd-networkd.
[[0;32m  OK  [0m] Started OpenBSD Secure Shell server.

Ubuntu 18.04.2 LTS terraform-box ttyS0

terraform-box login: [   42.291847] cloud-init[1526]: Cloud-init v. 18.4-0ubuntu1~18.04.1 running 'modules:config' at Fri, 17 May 2019 22:34:54 +0000. Up 42.07 seconds.
[   43.698424] cloud-init[1575]: Cloud-init v. 18.4-0ubuntu1~18.04.1 running 'modules:final' at Fri, 17 May 2019 22:34:55 +0000. Up 43.33 seconds.
[   43.698885] cloud-init[1575]: Cloud-init v. 18.4-0ubuntu1~18.04.1 finished at Fri, 17 May 2019 22:34:55 +0000. Datasource DataSourceNoCloud [seed=/dev/sdb][dsmode=net].  Up 43.68 seconds
